= 2022-04-27 13:27:14 - Starting BatchApplication using Java 17.0.2 on LIN73001578 with PID 692 (C:\Users\SG42\Documents\Spring Batch\batch\target\classes started by sg42 in C:\Users\SG42\Documents\Spring Batch\batch)
= 2022-04-27 13:27:14 - No active profile set, falling back to 1 default profile: "default"
= 2022-04-27 13:27:14 - Bootstrapping Spring Data JPA repositories in DEFAULT mode.
= 2022-04-27 13:27:14 - Finished Spring Data repository scanning in 21 ms. Found 1 JPA repository interfaces.
= 2022-04-27 13:27:15 - Tomcat initialized with port(s): 8089 (http)
= 2022-04-27 13:27:15 - Starting service [Tomcat]
= 2022-04-27 13:27:15 - Starting Servlet engine: [Apache Tomcat/9.0.60]
= 2022-04-27 13:27:15 - Initializing Spring embedded WebApplicationContext
= 2022-04-27 13:27:15 - Root WebApplicationContext: initialization completed in 538 ms
= 2022-04-27 13:27:15 - HikariPool-2 - Starting...
= 2022-04-27 13:27:15 - HikariPool-2 - Start completed.
= 2022-04-27 13:27:15 - HHH000204: Processing PersistenceUnitInfo [name: default]
= 2022-04-27 13:27:15 - HHH000400: Using dialect: org.hibernate.dialect.PostgreSQLDialect
= 2022-04-27 13:27:15 - HHH000490: Using JtaPlatform implementation: [org.hibernate.engine.transaction.jta.platform.internal.NoJtaPlatform]
= 2022-04-27 13:27:15 - Initialized JPA EntityManagerFactory for persistence unit 'default'
= 2022-04-27 13:27:15 - Data is read from the CSV file
= 2022-04-27 13:27:15 - The batch for reading from CSV and writing DB has started
= 2022-04-27 13:27:15 - spring.jpa.open-in-view is enabled by default. Therefore, database queries may be performed during view rendering. Explicitly configure spring.jpa.open-in-view to disable this warning
= 2022-04-27 13:27:15 - JPA does not support custom isolation levels, so locks may not be taken when launching Jobs
= 2022-04-27 13:27:15 - No database type set, using meta data indicating: POSTGRES
= 2022-04-27 13:27:15 - No TaskExecutor has been set, defaulting to synchronous executor.
= 2022-04-27 13:27:15 - LiveReload server is running on port 35729
= 2022-04-27 13:27:15 - Tomcat started on port(s): 8089 (http) with context path ''
= 2022-04-27 13:27:15 - Started BatchApplication in 1.416 seconds (JVM running for 144.33)
= 2022-04-27 13:27:15 - Running default command line with: []
= 2022-04-27 13:27:15 - Job: [SimpleJob: [name=batch-job]] launched with the following parameters: [{run.id=8}]
= 2022-04-27 13:27:15 - Executing step: [batch-step]
= 2022-04-27 13:27:15 - Student objects greater than 45 marks are returned
= 2022-04-27 13:27:15 - Student objects greater than 45 marks are returned
= 2022-04-27 13:27:15 - Student objects greater than 45 marks are returned
= 2022-04-27 13:27:15 - Student objects greater than 45 marks are returned
= 2022-04-27 13:27:15 - Data read from the CSV file is written to the DB
= 2022-04-27 13:27:15 - Step: [batch-step] executed in 27ms
= 2022-04-27 13:27:15 - Job: [SimpleJob: [name=batch-job]] completed with the following parameters: [{run.id=8}] and the following status: [COMPLETED] in 47ms
= 2022-04-27 13:27:15 - Condition evaluation unchanged
= 2022-04-27 13:27:17 - Application shutdown requested.
= 2022-04-27 13:27:17 - Closing JPA EntityManagerFactory for persistence unit 'default'
= 2022-04-27 13:27:17 - HikariPool-2 - Shutdown initiated...
= 2022-04-27 13:27:17 - HikariPool-2 - Shutdown completed.
= 2022-04-27 13:27:29 - Starting BatchApplication using Java 17.0.2 on LIN73001578 with PID 22960 (C:\Users\SG42\Documents\Spring Batch\batch\target\classes started by sg42 in C:\Users\SG42\Documents\Spring Batch\batch)
= 2022-04-27 13:27:29 - No active profile set, falling back to 1 default profile: "default"
= 2022-04-27 13:27:29 - Devtools property defaults active! Set 'spring.devtools.add-properties' to 'false' to disable
= 2022-04-27 13:27:29 - For additional web related logging consider setting the 'logging.level.web' property to 'DEBUG'
= 2022-04-27 13:27:30 - Bootstrapping Spring Data JPA repositories in DEFAULT mode.
= 2022-04-27 13:27:30 - Finished Spring Data repository scanning in 82 ms. Found 1 JPA repository interfaces.
= 2022-04-27 13:27:31 - Tomcat initialized with port(s): 8089 (http)
= 2022-04-27 13:27:31 - Starting service [Tomcat]
= 2022-04-27 13:27:31 - Starting Servlet engine: [Apache Tomcat/9.0.60]
= 2022-04-27 13:27:31 - Initializing Spring embedded WebApplicationContext
= 2022-04-27 13:27:31 - Root WebApplicationContext: initialization completed in 2194 ms
= 2022-04-27 13:27:31 - HikariPool-1 - Starting...
= 2022-04-27 13:27:32 - HikariPool-1 - Start completed.
= 2022-04-27 13:27:32 - HHH000204: Processing PersistenceUnitInfo [name: default]
= 2022-04-27 13:27:32 - HHH000412: Hibernate ORM core version 5.6.7.Final
= 2022-04-27 13:27:32 - HCANN000001: Hibernate Commons Annotations {5.1.2.Final}
= 2022-04-27 13:27:32 - HHH000400: Using dialect: org.hibernate.dialect.PostgreSQLDialect
= 2022-04-27 13:27:33 - HHH000490: Using JtaPlatform implementation: [org.hibernate.engine.transaction.jta.platform.internal.NoJtaPlatform]
= 2022-04-27 13:27:33 - Initialized JPA EntityManagerFactory for persistence unit 'default'
= 2022-04-27 13:27:34 - Data is read from the CSV file
= 2022-04-27 13:27:34 - The batch for reading from CSV and writing DB has started
= 2022-04-27 13:27:34 - spring.jpa.open-in-view is enabled by default. Therefore, database queries may be performed during view rendering. Explicitly configure spring.jpa.open-in-view to disable this warning
= 2022-04-27 13:27:34 - JPA does not support custom isolation levels, so locks may not be taken when launching Jobs
= 2022-04-27 13:27:34 - No database type set, using meta data indicating: POSTGRES
= 2022-04-27 13:27:34 - No TaskExecutor has been set, defaulting to synchronous executor.
= 2022-04-27 13:27:34 - LiveReload server is running on port 35729
= 2022-04-27 13:27:34 - Tomcat started on port(s): 8089 (http) with context path ''
= 2022-04-27 13:27:34 - Started BatchApplication in 6.505 seconds (JVM running for 7.768)
= 2022-04-27 13:27:34 - Running default command line with: []
= 2022-04-27 13:27:35 - Job: [SimpleJob: [name=batch-job]] launched with the following parameters: [{run.id=9}]
= 2022-04-27 13:27:35 - Executing step: [batch-step]
= 2022-04-27 13:27:35 - Student objects greater than 45 marks are returned
= 2022-04-27 13:27:35 - Student objects greater than 45 marks are returned
= 2022-04-27 13:27:35 - Student objects greater than 45 marks are returned
= 2022-04-27 13:27:35 - Student objects greater than 45 marks are returned
= 2022-04-27 13:27:35 - Data read from the CSV file is written to the DB
= 2022-04-27 13:27:35 - Step: [batch-step] executed in 168ms
= 2022-04-27 13:27:35 - Job: [SimpleJob: [name=batch-job]] completed with the following parameters: [{run.id=9}] and the following status: [COMPLETED] in 195ms
= 2022-04-27 13:30:35 - Closing JPA EntityManagerFactory for persistence unit 'default'
= 2022-04-27 13:30:35 - HikariPool-1 - Shutdown initiated...
= 2022-04-27 13:30:35 - HikariPool-1 - Shutdown completed.
= 2022-04-27 13:30:35 - Starting BatchApplication using Java 17.0.2 on LIN73001578 with PID 22960 (C:\Users\SG42\Documents\Spring Batch\batch\target\classes started by sg42 in C:\Users\SG42\Documents\Spring Batch\batch)
= 2022-04-27 13:30:35 - No active profile set, falling back to 1 default profile: "default"
= 2022-04-27 13:30:36 - Bootstrapping Spring Data JPA repositories in DEFAULT mode.
= 2022-04-27 13:30:36 - Finished Spring Data repository scanning in 25 ms. Found 1 JPA repository interfaces.
= 2022-04-27 13:30:36 - Tomcat initialized with port(s): 8089 (http)
= 2022-04-27 13:30:36 - Starting service [Tomcat]
= 2022-04-27 13:30:36 - Starting Servlet engine: [Apache Tomcat/9.0.60]
= 2022-04-27 13:30:36 - Initializing Spring embedded WebApplicationContext
= 2022-04-27 13:30:36 - Root WebApplicationContext: initialization completed in 994 ms
= 2022-04-27 13:30:36 - HikariPool-2 - Starting...
= 2022-04-27 13:30:37 - HikariPool-2 - Start completed.
= 2022-04-27 13:30:37 - HHH000204: Processing PersistenceUnitInfo [name: default]
= 2022-04-27 13:30:37 - HHH000400: Using dialect: org.hibernate.dialect.PostgreSQLDialect
= 2022-04-27 13:30:37 - HHH000490: Using JtaPlatform implementation: [org.hibernate.engine.transaction.jta.platform.internal.NoJtaPlatform]
= 2022-04-27 13:30:37 - Initialized JPA EntityManagerFactory for persistence unit 'default'
= 2022-04-27 13:30:37 - Data is read from the CSV file
= 2022-04-27 13:30:37 - The batch for reading from CSV and writing DB has started
= 2022-04-27 13:30:37 - spring.jpa.open-in-view is enabled by default. Therefore, database queries may be performed during view rendering. Explicitly configure spring.jpa.open-in-view to disable this warning
= 2022-04-27 13:30:38 - JPA does not support custom isolation levels, so locks may not be taken when launching Jobs
= 2022-04-27 13:30:38 - No database type set, using meta data indicating: POSTGRES
= 2022-04-27 13:30:38 - No TaskExecutor has been set, defaulting to synchronous executor.
= 2022-04-27 13:30:38 - LiveReload server is running on port 35729
= 2022-04-27 13:30:38 - Tomcat started on port(s): 8089 (http) with context path ''
= 2022-04-27 13:30:38 - Started BatchApplication in 2.953 seconds (JVM running for 191.05)
= 2022-04-27 13:30:38 - Running default command line with: []
= 2022-04-27 13:30:38 - Job: [SimpleJob: [name=batch-job]] launched with the following parameters: [{run.id=10}]
= 2022-04-27 13:30:38 - Executing step: [batch-step]
= 2022-04-27 13:30:38 - Student objects greater than 45 marks are returned
= 2022-04-27 13:30:38 - Student objects greater than 45 marks are returned
= 2022-04-27 13:30:38 - Student objects greater than 45 marks are returned
= 2022-04-27 13:30:38 - Student objects greater than 45 marks are returned
= 2022-04-27 13:30:38 - Data read from the CSV file is written to the DB
= 2022-04-27 13:30:38 - Step: [batch-step] executed in 35ms
= 2022-04-27 13:30:38 - Job: [SimpleJob: [name=batch-job]] completed with the following parameters: [{run.id=10}] and the following status: [COMPLETED] in 61ms
= 2022-04-27 13:30:38 - Condition evaluation unchanged
= 2022-04-27 13:30:54 - Starting BatchApplication using Java 17.0.2 on LIN73001578 with PID 6252 (C:\Users\SG42\Documents\Spring Batch\batch\target\classes started by sg42 in C:\Users\SG42\Documents\Spring Batch\batch)
= 2022-04-27 13:30:54 - No active profile set, falling back to 1 default profile: "default"
= 2022-04-27 13:30:54 - Devtools property defaults active! Set 'spring.devtools.add-properties' to 'false' to disable
= 2022-04-27 13:30:54 - For additional web related logging consider setting the 'logging.level.web' property to 'DEBUG'
= 2022-04-27 13:30:55 - Bootstrapping Spring Data JPA repositories in DEFAULT mode.
= 2022-04-27 13:30:55 - Finished Spring Data repository scanning in 56 ms. Found 1 JPA repository interfaces.
= 2022-04-27 13:30:56 - Tomcat initialized with port(s): 8089 (http)
= 2022-04-27 13:30:56 - Starting service [Tomcat]
= 2022-04-27 13:30:56 - Starting Servlet engine: [Apache Tomcat/9.0.60]
= 2022-04-27 13:30:56 - Initializing Spring embedded WebApplicationContext
= 2022-04-27 13:30:56 - Root WebApplicationContext: initialization completed in 1956 ms
= 2022-04-27 13:30:56 - HikariPool-1 - Starting...
= 2022-04-27 13:30:57 - HikariPool-1 - Start completed.
= 2022-04-27 13:30:57 - HHH000204: Processing PersistenceUnitInfo [name: default]
= 2022-04-27 13:30:57 - HHH000412: Hibernate ORM core version 5.6.7.Final
= 2022-04-27 13:30:57 - HCANN000001: Hibernate Commons Annotations {5.1.2.Final}
= 2022-04-27 13:30:57 - HHH000400: Using dialect: org.hibernate.dialect.PostgreSQLDialect
= 2022-04-27 13:30:58 - HHH000490: Using JtaPlatform implementation: [org.hibernate.engine.transaction.jta.platform.internal.NoJtaPlatform]
= 2022-04-27 13:30:58 - Initialized JPA EntityManagerFactory for persistence unit 'default'
= 2022-04-27 13:30:59 - Data is read from the CSV file
= 2022-04-27 13:30:59 - The batch for reading from CSV and writing DB has started
= 2022-04-27 13:30:59 - spring.jpa.open-in-view is enabled by default. Therefore, database queries may be performed during view rendering. Explicitly configure spring.jpa.open-in-view to disable this warning
= 2022-04-27 13:30:59 - JPA does not support custom isolation levels, so locks may not be taken when launching Jobs
= 2022-04-27 13:30:59 - No database type set, using meta data indicating: POSTGRES
= 2022-04-27 13:30:59 - No TaskExecutor has been set, defaulting to synchronous executor.
= 2022-04-27 13:30:59 - Unable to start LiveReload server
= 2022-04-27 13:31:00 - Exception encountered during context initialization - cancelling refresh attempt: org.springframework.context.ApplicationContextException: Failed to start bean 'webServerStartStop'; nested exception is org.springframework.boot.web.server.PortInUseException: Port 8089 is already in use
= 2022-04-27 13:31:00 - Closing JPA EntityManagerFactory for persistence unit 'default'
= 2022-04-27 13:31:00 - HikariPool-1 - Shutdown initiated...
= 2022-04-27 13:31:00 - HikariPool-1 - Shutdown completed.
= 2022-04-27 13:31:00 - Stopping service [Tomcat]
= 2022-04-27 13:31:00 - 

Error starting ApplicationContext. To display the conditions report re-run your application with 'debug' enabled.
= 2022-04-27 13:31:00 - 

***************************
APPLICATION FAILED TO START
***************************

Description:

Web server failed to start. Port 8089 was already in use.

Action:

Identify and stop the process that's listening on port 8089 or configure this application to listen on another port.

= 2022-04-27 13:31:07 - Application shutdown requested.
= 2022-04-27 13:31:07 - Closing JPA EntityManagerFactory for persistence unit 'default'
= 2022-04-27 13:31:07 - HikariPool-2 - Shutdown initiated...
= 2022-04-27 13:31:07 - HikariPool-2 - Shutdown completed.
= 2022-04-27 13:31:17 - Starting BatchApplication using Java 17.0.2 on LIN73001578 with PID 24548 (C:\Users\SG42\Documents\Spring Batch\batch\target\classes started by sg42 in C:\Users\SG42\Documents\Spring Batch\batch)
= 2022-04-27 13:31:17 - No active profile set, falling back to 1 default profile: "default"
= 2022-04-27 13:31:17 - Devtools property defaults active! Set 'spring.devtools.add-properties' to 'false' to disable
= 2022-04-27 13:31:17 - For additional web related logging consider setting the 'logging.level.web' property to 'DEBUG'
= 2022-04-27 13:31:18 - Bootstrapping Spring Data JPA repositories in DEFAULT mode.
= 2022-04-27 13:31:18 - Finished Spring Data repository scanning in 49 ms. Found 1 JPA repository interfaces.
= 2022-04-27 13:31:19 - Tomcat initialized with port(s): 8089 (http)
= 2022-04-27 13:31:19 - Starting service [Tomcat]
= 2022-04-27 13:31:19 - Starting Servlet engine: [Apache Tomcat/9.0.60]
= 2022-04-27 13:31:19 - Initializing Spring embedded WebApplicationContext
= 2022-04-27 13:31:19 - Root WebApplicationContext: initialization completed in 2064 ms
= 2022-04-27 13:31:19 - HikariPool-1 - Starting...
= 2022-04-27 13:31:20 - HikariPool-1 - Start completed.
= 2022-04-27 13:31:20 - HHH000204: Processing PersistenceUnitInfo [name: default]
= 2022-04-27 13:31:20 - HHH000412: Hibernate ORM core version 5.6.7.Final
= 2022-04-27 13:31:20 - HCANN000001: Hibernate Commons Annotations {5.1.2.Final}
= 2022-04-27 13:31:20 - HHH000400: Using dialect: org.hibernate.dialect.PostgreSQLDialect
= 2022-04-27 13:31:21 - HHH000490: Using JtaPlatform implementation: [org.hibernate.engine.transaction.jta.platform.internal.NoJtaPlatform]
= 2022-04-27 13:31:21 - Initialized JPA EntityManagerFactory for persistence unit 'default'
= 2022-04-27 13:31:22 - Data is read from the CSV file
= 2022-04-27 13:31:22 - The batch for reading from CSV and writing DB has started
= 2022-04-27 13:31:22 - spring.jpa.open-in-view is enabled by default. Therefore, database queries may be performed during view rendering. Explicitly configure spring.jpa.open-in-view to disable this warning
= 2022-04-27 13:31:22 - JPA does not support custom isolation levels, so locks may not be taken when launching Jobs
= 2022-04-27 13:31:22 - No database type set, using meta data indicating: POSTGRES
= 2022-04-27 13:31:22 - No TaskExecutor has been set, defaulting to synchronous executor.
= 2022-04-27 13:31:22 - LiveReload server is running on port 35729
= 2022-04-27 13:31:22 - Tomcat started on port(s): 8089 (http) with context path ''
= 2022-04-27 13:31:22 - Started BatchApplication in 6.199 seconds (JVM running for 7.325)
= 2022-04-27 13:31:22 - Running default command line with: []
= 2022-04-27 13:31:23 - Job: [SimpleJob: [name=batch-job]] launched with the following parameters: [{run.id=11}]
= 2022-04-27 13:31:23 - Executing step: [batch-step]
= 2022-04-27 13:31:23 - Student objects greater than 45 marks are returned
= 2022-04-27 13:31:23 - Student objects greater than 45 marks are returned
= 2022-04-27 13:31:23 - Student objects greater than 45 marks are returned
= 2022-04-27 13:31:23 - Student objects greater than 45 marks are returned
= 2022-04-27 13:31:23 - Data read from the CSV file is written to the DB
= 2022-04-27 13:31:23 - Step: [batch-step] executed in 170ms
= 2022-04-27 13:31:23 - Job: [SimpleJob: [name=batch-job]] completed with the following parameters: [{run.id=11}] and the following status: [COMPLETED] in 202ms
= 2022-04-27 13:31:39 - Closing JPA EntityManagerFactory for persistence unit 'default'
= 2022-04-27 13:31:39 - HikariPool-1 - Shutdown initiated...
= 2022-04-27 13:31:39 - HikariPool-1 - Shutdown completed.
= 2022-04-27 13:31:42 - Starting BatchApplication using Java 17.0.2 on LIN73001578 with PID 24548 (C:\Users\SG42\Documents\Spring Batch\batch\target\classes started by sg42 in C:\Users\SG42\Documents\Spring Batch\batch)
= 2022-04-27 13:31:42 - No active profile set, falling back to 1 default profile: "default"
= 2022-04-27 13:31:43 - Bootstrapping Spring Data JPA repositories in DEFAULT mode.
= 2022-04-27 13:31:43 - Finished Spring Data repository scanning in 14 ms. Found 1 JPA repository interfaces.
= 2022-04-27 13:31:43 - Tomcat initialized with port(s): 8089 (http)
= 2022-04-27 13:31:43 - Starting service [Tomcat]
= 2022-04-27 13:31:43 - Starting Servlet engine: [Apache Tomcat/9.0.60]
= 2022-04-27 13:31:43 - Initializing Spring embedded WebApplicationContext
= 2022-04-27 13:31:43 - Root WebApplicationContext: initialization completed in 673 ms
= 2022-04-27 13:31:43 - HikariPool-2 - Starting...
= 2022-04-27 13:31:43 - HikariPool-2 - Start completed.
= 2022-04-27 13:31:44 - HHH000204: Processing PersistenceUnitInfo [name: default]
= 2022-04-27 13:31:44 - HHH000400: Using dialect: org.hibernate.dialect.PostgreSQLDialect
= 2022-04-27 13:31:44 - HHH000490: Using JtaPlatform implementation: [org.hibernate.engine.transaction.jta.platform.internal.NoJtaPlatform]
= 2022-04-27 13:31:44 - Initialized JPA EntityManagerFactory for persistence unit 'default'
= 2022-04-27 13:31:44 - Data is read from the CSV file
= 2022-04-27 13:31:44 - The batch for reading from CSV and writing DB has started
= 2022-04-27 13:31:44 - spring.jpa.open-in-view is enabled by default. Therefore, database queries may be performed during view rendering. Explicitly configure spring.jpa.open-in-view to disable this warning
= 2022-04-27 13:31:44 - JPA does not support custom isolation levels, so locks may not be taken when launching Jobs
= 2022-04-27 13:31:44 - No database type set, using meta data indicating: POSTGRES
= 2022-04-27 13:31:44 - No TaskExecutor has been set, defaulting to synchronous executor.
= 2022-04-27 13:31:44 - LiveReload server is running on port 35729
= 2022-04-27 13:31:44 - Tomcat started on port(s): 8089 (http) with context path ''
= 2022-04-27 13:31:44 - Started BatchApplication in 1.542 seconds (JVM running for 28.869)
= 2022-04-27 13:31:44 - Running default command line with: []
= 2022-04-27 13:31:44 - Job: [SimpleJob: [name=batch-job]] launched with the following parameters: [{run.id=12}]
= 2022-04-27 13:31:44 - Executing step: [batch-step]
= 2022-04-27 13:31:44 - Student objects greater than 45 marks are returned
= 2022-04-27 13:31:44 - Student objects greater than 45 marks are returned
= 2022-04-27 13:31:44 - Student objects greater than 45 marks are returned
= 2022-04-27 13:31:44 - Student objects greater than 45 marks are returned
= 2022-04-27 13:31:44 - Data read from the CSV file is written to the DB
= 2022-04-27 13:31:44 - Step: [batch-step] executed in 28ms
= 2022-04-27 13:31:44 - Job: [SimpleJob: [name=batch-job]] completed with the following parameters: [{run.id=12}] and the following status: [COMPLETED] in 53ms
= 2022-04-27 13:31:44 - Condition evaluation unchanged
= 2022-04-27 13:32:15 - Closing JPA EntityManagerFactory for persistence unit 'default'
= 2022-04-27 13:32:15 - HikariPool-2 - Shutdown initiated...
= 2022-04-27 13:32:15 - HikariPool-2 - Shutdown completed.
= 2022-04-27 13:32:15 - Starting BatchApplication using Java 17.0.2 on LIN73001578 with PID 24548 (C:\Users\SG42\Documents\Spring Batch\batch\target\classes started by sg42 in C:\Users\SG42\Documents\Spring Batch\batch)
= 2022-04-27 13:32:15 - No active profile set, falling back to 1 default profile: "default"
= 2022-04-27 13:32:15 - Bootstrapping Spring Data JPA repositories in DEFAULT mode.
= 2022-04-27 13:32:15 - Finished Spring Data repository scanning in 10 ms. Found 1 JPA repository interfaces.
= 2022-04-27 13:32:15 - Tomcat initialized with port(s): 8089 (http)
= 2022-04-27 13:32:15 - Starting service [Tomcat]
= 2022-04-27 13:32:15 - Starting Servlet engine: [Apache Tomcat/9.0.60]
= 2022-04-27 13:32:16 - Initializing Spring embedded WebApplicationContext
= 2022-04-27 13:32:16 - Root WebApplicationContext: initialization completed in 395 ms
= 2022-04-27 13:32:16 - HikariPool-3 - Starting...
= 2022-04-27 13:32:16 - HikariPool-3 - Start completed.
= 2022-04-27 13:32:16 - HHH000204: Processing PersistenceUnitInfo [name: default]
= 2022-04-27 13:32:16 - HHH000400: Using dialect: org.hibernate.dialect.PostgreSQLDialect
= 2022-04-27 13:32:16 - HHH000490: Using JtaPlatform implementation: [org.hibernate.engine.transaction.jta.platform.internal.NoJtaPlatform]
= 2022-04-27 13:32:16 - Initialized JPA EntityManagerFactory for persistence unit 'default'
= 2022-04-27 13:32:16 - Data is read from the CSV file
= 2022-04-27 13:32:16 - The batch for reading from CSV and writing DB has started
= 2022-04-27 13:32:16 - spring.jpa.open-in-view is enabled by default. Therefore, database queries may be performed during view rendering. Explicitly configure spring.jpa.open-in-view to disable this warning
= 2022-04-27 13:32:16 - JPA does not support custom isolation levels, so locks may not be taken when launching Jobs
= 2022-04-27 13:32:16 - No database type set, using meta data indicating: POSTGRES
= 2022-04-27 13:32:16 - No TaskExecutor has been set, defaulting to synchronous executor.
= 2022-04-27 13:32:16 - LiveReload server is running on port 35729
= 2022-04-27 13:32:16 - Tomcat started on port(s): 8089 (http) with context path ''
= 2022-04-27 13:32:16 - Started BatchApplication in 1.27 seconds (JVM running for 61.314)
= 2022-04-27 13:32:16 - Running default command line with: []
= 2022-04-27 13:32:16 - Job: [SimpleJob: [name=batch-job]] launched with the following parameters: [{run.id=13}]
= 2022-04-27 13:32:16 - Executing step: [batch-step]
= 2022-04-27 13:32:16 - Student objects greater than 45 marks are returned
= 2022-04-27 13:32:16 - Student objects greater than 45 marks are returned
= 2022-04-27 13:32:16 - Student objects greater than 45 marks are returned
= 2022-04-27 13:32:16 - Student objects greater than 45 marks are returned
= 2022-04-27 13:32:16 - Data read from the CSV file is written to the DB
= 2022-04-27 13:32:16 - Step: [batch-step] executed in 30ms
= 2022-04-27 13:32:16 - Job: [SimpleJob: [name=batch-job]] completed with the following parameters: [{run.id=13}] and the following status: [COMPLETED] in 54ms
= 2022-04-27 13:32:16 - Condition evaluation unchanged
= 2022-04-27 13:32:30 - Closing JPA EntityManagerFactory for persistence unit 'default'
= 2022-04-27 13:32:30 - HikariPool-3 - Shutdown initiated...
= 2022-04-27 13:32:30 - HikariPool-3 - Shutdown completed.
= 2022-04-27 13:32:30 - Starting BatchApplication using Java 17.0.2 on LIN73001578 with PID 24548 (C:\Users\SG42\Documents\Spring Batch\batch\target\classes started by sg42 in C:\Users\SG42\Documents\Spring Batch\batch)
= 2022-04-27 13:32:30 - No active profile set, falling back to 1 default profile: "default"
= 2022-04-27 13:32:30 - Bootstrapping Spring Data JPA repositories in DEFAULT mode.
= 2022-04-27 13:32:30 - Finished Spring Data repository scanning in 10 ms. Found 1 JPA repository interfaces.
= 2022-04-27 13:32:30 - Tomcat initialized with port(s): 8089 (http)
= 2022-04-27 13:32:30 - Starting service [Tomcat]
= 2022-04-27 13:32:30 - Starting Servlet engine: [Apache Tomcat/9.0.60]
= 2022-04-27 13:32:30 - Initializing Spring embedded WebApplicationContext
= 2022-04-27 13:32:30 - Root WebApplicationContext: initialization completed in 350 ms
= 2022-04-27 13:32:30 - HikariPool-4 - Starting...
= 2022-04-27 13:32:31 - HikariPool-4 - Start completed.
= 2022-04-27 13:32:31 - HHH000204: Processing PersistenceUnitInfo [name: default]
= 2022-04-27 13:32:31 - HHH000400: Using dialect: org.hibernate.dialect.PostgreSQLDialect
= 2022-04-27 13:32:31 - HHH000490: Using JtaPlatform implementation: [org.hibernate.engine.transaction.jta.platform.internal.NoJtaPlatform]
= 2022-04-27 13:32:31 - Initialized JPA EntityManagerFactory for persistence unit 'default'
= 2022-04-27 13:32:31 - Data is read from the CSV file
= 2022-04-27 13:32:31 - The batch for reading from CSV and writing DB has started
= 2022-04-27 13:32:31 - spring.jpa.open-in-view is enabled by default. Therefore, database queries may be performed during view rendering. Explicitly configure spring.jpa.open-in-view to disable this warning
= 2022-04-27 13:32:31 - JPA does not support custom isolation levels, so locks may not be taken when launching Jobs
= 2022-04-27 13:32:31 - No database type set, using meta data indicating: POSTGRES
= 2022-04-27 13:32:31 - No TaskExecutor has been set, defaulting to synchronous executor.
= 2022-04-27 13:32:31 - LiveReload server is running on port 35729
= 2022-04-27 13:32:31 - Tomcat started on port(s): 8089 (http) with context path ''
= 2022-04-27 13:32:31 - Started BatchApplication in 1.184 seconds (JVM running for 76.08)
= 2022-04-27 13:32:31 - Running default command line with: []
= 2022-04-27 13:32:31 - Job: [SimpleJob: [name=batch-job]] launched with the following parameters: [{run.id=14}]
= 2022-04-27 13:32:31 - Executing step: [batch-step]
= 2022-04-27 13:32:31 - Student objects greater than 45 marks are returned
= 2022-04-27 13:32:31 - Student objects greater than 45 marks are returned
= 2022-04-27 13:32:31 - Student objects greater than 45 marks are returned
= 2022-04-27 13:32:31 - Student objects greater than 45 marks are returned
= 2022-04-27 13:32:31 - Data read from the CSV file is written to the DB
= 2022-04-27 13:32:31 - Step: [batch-step] executed in 24ms
= 2022-04-27 13:32:31 - Job: [SimpleJob: [name=batch-job]] completed with the following parameters: [{run.id=14}] and the following status: [COMPLETED] in 45ms
= 2022-04-27 13:32:31 - Condition evaluation unchanged
= 2022-04-27 22:11:48 - Application shutdown requested.
= 2022-04-27 22:11:48 - Closing JPA EntityManagerFactory for persistence unit 'default'
= 2022-04-27 22:11:48 - HikariPool-4 - Shutdown initiated...
= 2022-04-27 22:11:48 - HikariPool-4 - Shutdown completed.
